<?xml version="1.0" encoding="UTF-8"?>
<!-- Generated by org.testng.reporters.JUnitReportReporter -->
<testsuite hostname="L440PC" name="com.biostime.sqlManage.SqlTest" tests="1" failures="0" timestamp="2 Dec 2015 09:05:05 GMT" time="0.132" errors="0">
  <testcase name="test" time="0.132" classname="com.biostime.sqlManage.SqlTest"/>
</testsuite> <!-- com.biostime.sqlManage.SqlTest -->
